<?xml version="1.0" encoding="UTF-8"?>
<!-- Generated by org.testng.reporters.JUnitReportReporter -->
<testsuite skipped="0" hostname="logesh" name="com.qa.HubSpot.tests.LoginTest" tests="1" failures="0" timestamp="05 Mar 2019 04:14:03 GMT" time="139.538" errors="0">
  <testcase name="loginTest" time="139.538" classname="com.qa.HubSpot.tests.LoginTest"/>
</testsuite> <!-- com.qa.HubSpot.tests.LoginTest -->
